<?xml version="1.0" encoding="UTF-8"?>
<!-- Generated by org.testng.reporters.JUnitReportReporter -->
<testsuite hostname="LAPTOP-G457OLQ6" failures="0" tests="1" name="ex_selenium_2025.RelativeLocatorswithDynamicTable" time="9.010" errors="0" timestamp="2025-01-11T19:54:47 IST" skipped="0">
  <testcase classname="ex_selenium_2025.RelativeLocatorswithDynamicTable" name="test_dyanmic_table" time="9.010"/>
</testsuite> <!-- ex_selenium_2025.RelativeLocatorswithDynamicTable -->
