<?xml version="1.0" encoding="UTF-8"?>
<!-- Generated by org.testng.reporters.JUnitReportReporter -->
<testsuite hostname="LAPTOP-G457OLQ6" failures="0" tests="1" name="ex_selenium_2025.X_Patch_Axes_testCase" time="3.524" errors="0" timestamp="2025-01-06T22:20:09 IST" skipped="0">
  <testcase classname="ex_selenium_2025.X_Patch_Axes_testCase" name="test_case_01" time="3.524"/>
</testsuite> <!-- ex_selenium_2025.X_Patch_Axes_testCase -->
