<?xml version="1.0" encoding="UTF-8"?>
<!-- Generated by org.testng.reporters.JUnitReportReporter -->
<testsuite hostname="LAPTOP-G457OLQ6" failures="0" tests="1" name="ex_selenium_2025.ActionClassPopUphandling" time="18.507" errors="0" timestamp="2025-01-11T17:54:05 IST" skipped="0">
  <testcase classname="ex_selenium_2025.ActionClassPopUphandling" name="test_popup" time="18.507"/>
</testsuite> <!-- ex_selenium_2025.ActionClassPopUphandling -->
