<?xml version="1.0" encoding="UTF-8"?>
<!-- Generated by org.testng.reporters.JUnitReportReporter -->
<testsuite hostname="LAPTOP-G457OLQ6" failures="0" tests="1" name="ex_selenium_2025.SVG_PartOne" time="9.681" errors="0" timestamp="2025-01-09T22:14:01 IST" skipped="0">
  <testcase classname="ex_selenium_2025.SVG_PartOne" name="test_flipkar_search" time="9.681"/>
</testsuite> <!-- ex_selenium_2025.SVG_PartOne -->
