<?xml version="1.0" encoding="UTF-8"?>
<!-- Generated by org.testng.reporters.JUnitReportReporter -->
<testsuite hostname="LAPTOP-G457OLQ6" failures="0" tests="1" name="ex_selenium_2025.ScrollDownPageDown" time="8.906" errors="0" timestamp="2025-01-11T18:44:55 IST" skipped="0">
  <testcase classname="ex_selenium_2025.ScrollDownPageDown" name="test_pageDown" time="8.906"/>
</testsuite> <!-- ex_selenium_2025.ScrollDownPageDown -->
