<?xml version="1.0" encoding="UTF-8"?>
<!-- Generated by org.testng.reporters.JUnitReportReporter -->
<testsuite hostname="LAPTOP-G457OLQ6" failures="0" tests="1" name="ex_selenium22_03_2025.AertsInTestNG" time="22.089" errors="0" timestamp="2025-03-22T13:58:49 IST" skipped="0">
  <testcase classname="ex_selenium22_03_2025.AertsInTestNG" name="testPage" time="22.089"/>
</testsuite> <!-- ex_selenium22_03_2025.AertsInTestNG -->
