<?xml version="1.0" encoding="UTF-8"?>
<!-- Generated by org.testng.reporters.JUnitReportReporter -->
<testsuite hostname="LAPTOP-G457OLQ6" failures="0" tests="1" name="ex_selenium_2025.Selenium_01" time="39.865" errors="0" timestamp="2025-01-03T00:46:48 IST" skipped="0">
  <testcase classname="ex_selenium_2025.Selenium_01" name="test_selenium01" time="39.865"/>
</testsuite> <!-- ex_selenium_2025.Selenium_01 -->
