<?xml version="1.0" encoding="UTF-8"?>
<!-- Generated by org.testng.reporters.JUnitReportReporter -->
<testsuite hostname="LAPTOP-G457OLQ6" failures="0" tests="1" name="ex_selenium_2025.ActionClassWindowHandle" time="18.767" errors="0" timestamp="2025-01-11T18:17:10 IST" skipped="0">
  <testcase classname="ex_selenium_2025.ActionClassWindowHandle" name="test_windowHandle" time="18.767"/>
</testsuite> <!-- ex_selenium_2025.ActionClassWindowHandle -->
