<?xml version="1.0" encoding="UTF-8"?>
<!-- Generated by org.testng.reporters.JUnitReportReporter -->
<testsuite hostname="LAPTOP-G457OLQ6" failures="0" tests="1" name="task.Task_23_12_2024_02" time="23.124" errors="0" timestamp="2025-01-03T19:53:19 IST" skipped="0">
  <testcase classname="task.Task_23_12_2024_02" name="test_02" time="23.124"/>
</testsuite> <!-- task.Task_23_12_2024_02 -->
