<?xml version="1.0" encoding="UTF-8"?>
<!-- Generated by org.testng.reporters.JUnitReportReporter -->
<testsuite hostname="LAPTOP-G457OLQ6" failures="0" tests="1" name="ex_selenium_2025.ListOfElementsInEbbayWebSite" time="15.844" errors="0" timestamp="2025-01-05T19:58:23 IST" skipped="0">
  <testcase classname="ex_selenium_2025.ListOfElementsInEbbayWebSite" name="test_list_of_carts" time="15.844"/>
</testsuite> <!-- ex_selenium_2025.ListOfElementsInEbbayWebSite -->
