<?xml version="1.0" encoding="UTF-8"?>
<!-- Generated by org.testng.reporters.JUnitReportReporter -->
<testsuite hostname="LAPTOP-G457OLQ6" failures="0" tests="1" name="ex_selenium_2025.Negative_login_testCase01" time="17.580" errors="0" timestamp="2025-01-03T18:48:56 IST" skipped="0">
  <testcase classname="ex_selenium_2025.Negative_login_testCase01" name="test_negative01" time="17.580"/>
</testsuite> <!-- ex_selenium_2025.Negative_login_testCase01 -->
