<?xml version="1.0" encoding="UTF-8"?>
<!-- Generated by org.testng.reporters.JUnitReportReporter -->
<testsuite hostname="LAPTOP-G457OLQ6" failures="0" tests="1" name="ex_selenium_2025.UploadFile" time="7.054" errors="0" timestamp="2025-01-11T19:08:43 IST" skipped="0">
  <testcase classname="ex_selenium_2025.UploadFile" name="test_upload_file" time="7.054"/>
</testsuite> <!-- ex_selenium_2025.UploadFile -->
