<?xml version="1.0" encoding="UTF-8"?>
<!-- Generated by org.testng.reporters.JUnitReportReporter -->
<testsuite hostname="LAPTOP-G457OLQ6" failures="0" tests="1" name="ex_selenium_2025.Xpath_Css_Celectors" time="8.330" errors="0" timestamp="2025-01-05T18:58:14 IST" skipped="0">
  <testcase classname="ex_selenium_2025.Xpath_Css_Celectors" name="test_x_path" time="8.330"/>
</testsuite> <!-- ex_selenium_2025.Xpath_Css_Celectors -->
