<?xml version="1.0" encoding="UTF-8"?>
<!-- Generated by org.testng.reporters.JUnitReportReporter -->
<testsuite hostname="LAPTOP-G457OLQ6" failures="0" tests="1" name="ex_selenium_2025.Alerts_Demo" time="15.094" errors="0" timestamp="2025-02-02T13:09:29 IST" skipped="0">
  <testcase classname="ex_selenium_2025.Alerts_Demo" name="test_alert_demo" time="15.094"/>
</testsuite> <!-- ex_selenium_2025.Alerts_Demo -->
