<?xml version="1.0" encoding="UTF-8"?>
<!-- Generated by org.testng.reporters.JUnitReportReporter -->
<testsuite hostname="LAPTOP-G457OLQ6" failures="0" tests="1" name="ex_selenium_2025.RelativeLocators" time="4.289" errors="0" timestamp="2025-01-11T19:34:07 IST" skipped="0">
  <testcase classname="ex_selenium_2025.RelativeLocators" name="test_relative_locators" time="4.289"/>
</testsuite> <!-- ex_selenium_2025.RelativeLocators -->
