<?xml version="1.0" encoding="UTF-8"?>
<!-- Generated by org.testng.reporters.JUnitReportReporter -->
<testsuite hostname="LAPTOP-G457OLQ6" failures="0" tests="1" name="ex_selenium_02_2025.Selenium_02" time="32.637" errors="0" timestamp="2025-01-02T23:10:50 IST" skipped="0">
  <testcase classname="ex_selenium_02_2025.Selenium_02" name="testmethod01" time="32.637"/>
</testsuite> <!-- ex_selenium_02_2025.Selenium_02 -->
