<?xml version="1.0" encoding="UTF-8"?>
<!-- Generated by org.testng.reporters.JUnitReportReporter -->
<testsuite hostname="LAPTOP-G457OLQ6" failures="0" tests="1" name="ex_selenium_2025.Salesforce_login" time="7.910" errors="0" timestamp="2025-01-06T22:59:50 IST" skipped="0">
  <testcase classname="ex_selenium_2025.Salesforce_login" name="test_login" time="7.910"/>
</testsuite> <!-- ex_selenium_2025.Salesforce_login -->
