<?xml version="1.0" encoding="UTF-8"?>
<!-- Generated by org.testng.reporters.JUnitReportReporter -->
<testsuite hostname="LAPTOP-G457OLQ6" failures="0" tests="1" name="ex_selenium_2025.ActionClassSessionMoveElement" time="17.624" errors="0" timestamp="2025-01-11T14:01:26 IST" skipped="0">
  <testcase classname="ex_selenium_2025.ActionClassSessionMoveElement" name="test_move_element" time="17.624"/>
</testsuite> <!-- ex_selenium_2025.ActionClassSessionMoveElement -->
