<?xml version="1.0" encoding="UTF-8"?>
<!-- Generated by org.testng.reporters.JUnitReportReporter -->
<testsuite hostname="LAPTOP-G457OLQ6" failures="0" tests="1" name="ex_selenium_2025.X_Path_axes_test_Case02" time="21.498" errors="0" timestamp="2025-01-06T22:51:02 IST" skipped="0">
  <testcase classname="ex_selenium_2025.X_Path_axes_test_Case02" name="test_case_02" time="21.498"/>
</testsuite> <!-- ex_selenium_2025.X_Path_axes_test_Case02 -->
