<?xml version="1.0" encoding="UTF-8"?>
<!-- Generated by org.testng.reporters.JUnitReportReporter -->
<testsuite hostname="LAPTOP-G457OLQ6" failures="0" tests="1" name="ex_selenium_2025.SaticDropDownElements" time="15.800" errors="0" timestamp="2025-01-07T17:49:50 IST" skipped="0">
  <testcase classname="ex_selenium_2025.SaticDropDownElements" name="test_staticDropdown" time="15.800"/>
</testsuite> <!-- ex_selenium_2025.SaticDropDownElements -->
