<?xml version="1.0" encoding="UTF-8"?>
<!-- Generated by org.testng.reporters.JUnitReportReporter -->
<testsuite hostname="LAPTOP-G457OLQ6" failures="0" tests="1" name="ex_selenium_2025.Selenium_Wait_commands" time="19.094" errors="0" timestamp="2025-01-07T16:26:05 IST" skipped="0">
  <testcase classname="ex_selenium_2025.Selenium_Wait_commands" name="test_explicit_wai" time="19.094"/>
</testsuite> <!-- ex_selenium_2025.Selenium_Wait_commands -->
