<?xml version="1.0" encoding="UTF-8"?>
<!-- Generated by org.testng.reporters.JUnitReportReporter -->
<testsuite hostname="LAPTOP-G457OLQ6" failures="0" tests="1" name="ex_selenium22_03_2025.WindownHandles" time="11.392" errors="0" timestamp="2025-03-22T16:15:40 IST" skipped="0">
  <testcase classname="ex_selenium22_03_2025.WindownHandles" name="test" time="11.392"/>
</testsuite> <!-- ex_selenium22_03_2025.WindownHandles -->
