<?xml version="1.0" encoding="UTF-8"?>
<!-- Generated by org.testng.reporters.JUnitReportReporter -->
<testsuite hostname="LAPTOP-G457OLQ6" failures="0" tests="1" name="ex_selenium_2025.Click_on_anchor_tag" time="16.091" errors="0" timestamp="2025-01-03T19:00:33 IST" skipped="0">
  <testcase classname="ex_selenium_2025.Click_on_anchor_tag" name="test_click_on_link" time="16.091"/>
</testsuite> <!-- ex_selenium_2025.Click_on_anchor_tag -->
