<?xml version="1.0" encoding="UTF-8"?>
<!-- Generated by org.testng.reporters.JUnitReportReporter -->
<testsuite hostname="LAPTOP-G457OLQ6" failures="0" tests="1" name="ex_selenium_2025.SVG_India_Map" time="8.138" errors="0" timestamp="2025-01-09T22:38:50 IST" skipped="0">
  <testcase classname="ex_selenium_2025.SVG_India_Map" name="test_india_map" time="8.138"/>
</testsuite> <!-- ex_selenium_2025.SVG_India_Map -->
