<?xml version="1.0" encoding="UTF-8"?>
<!-- Generated by org.testng.reporters.JUnitReportReporter -->
<testsuite hostname="LAPTOP-G457OLQ6" failures="0" tests="1" name="ex_selenium_2025.ActionClassSessionOne" time="7.660" errors="0" timestamp="2025-01-11T13:47:06 IST" skipped="0">
  <testcase classname="ex_selenium_2025.ActionClassSessionOne" name="test_upper_keys" time="7.660"/>
</testsuite> <!-- ex_selenium_2025.ActionClassSessionOne -->
