<?xml version="1.0" encoding="UTF-8"?>
<!-- Generated by org.testng.reporters.JUnitReportReporter -->
<testsuite hostname="LAPTOP-G457OLQ6" failures="0" tests="1" name="ex_selenium_2025.Tag_name" time="14.361" errors="0" timestamp="2025-01-03T19:21:41 IST" skipped="0">
  <testcase classname="ex_selenium_2025.Tag_name" name="test_tag_name" time="14.361"/>
</testsuite> <!-- ex_selenium_2025.Tag_name -->
